[debug] [2025-08-04T04:58:18.009Z] ----------------------------------------------------------------------
[debug] [2025-08-04T04:58:18.010Z] Command:       C:\Program Files\nodejs\node.exe C:\Users\user\AppData\Roaming\npm\node_modules\firebase-tools\lib\bin\firebase.js deploy --only functions
[debug] [2025-08-04T04:58:18.011Z] CLI Version:   14.11.1
[debug] [2025-08-04T04:58:18.011Z] Platform:      win32
[debug] [2025-08-04T04:58:18.011Z] Node Version:  v22.17.0
[debug] [2025-08-04T04:58:18.011Z] Time:          Mon Aug 04 2025 10:28:18 GMT+0530 (India Standard Time)
[debug] [2025-08-04T04:58:18.011Z] ----------------------------------------------------------------------
[debug] 
[debug] [2025-08-04T04:58:18.150Z] > command requires scopes: ["email","openid","https://www.googleapis.com/auth/cloudplatformprojects.readonly","https://www.googleapis.com/auth/firebase","https://www.googleapis.com/auth/cloud-platform"]
[debug] [2025-08-04T04:58:18.150Z] > authorizing via signed-in user (prakhars2709@gmail.com)
[debug] [2025-08-04T04:58:18.150Z] [iam] checking project acc-app-e5316 for permissions ["cloudfunctions.functions.create","cloudfunctions.functions.delete","cloudfunctions.functions.get","cloudfunctions.functions.list","cloudfunctions.functions.update","cloudfunctions.operations.get","firebase.projects.get"]
[debug] [2025-08-04T04:58:18.151Z] Checked if tokens are valid: true, expires at: 1754285870574
[debug] [2025-08-04T04:58:18.151Z] Checked if tokens are valid: true, expires at: 1754285870574
[debug] [2025-08-04T04:58:18.152Z] >>> [apiv2][query] POST https://cloudresourcemanager.googleapis.com/v1/projects/acc-app-e5316:testIamPermissions [none]
[debug] [2025-08-04T04:58:18.152Z] >>> [apiv2][(partial)header] POST https://cloudresourcemanager.googleapis.com/v1/projects/acc-app-e5316:testIamPermissions x-goog-quota-user=projects/acc-app-e5316
[debug] [2025-08-04T04:58:18.152Z] >>> [apiv2][body] POST https://cloudresourcemanager.googleapis.com/v1/projects/acc-app-e5316:testIamPermissions {"permissions":["cloudfunctions.functions.create","cloudfunctions.functions.delete","cloudfunctions.functions.get","cloudfunctions.functions.list","cloudfunctions.functions.update","cloudfunctions.operations.get","firebase.projects.get"]}
[debug] [2025-08-04T04:58:19.685Z] <<< [apiv2][status] POST https://cloudresourcemanager.googleapis.com/v1/projects/acc-app-e5316:testIamPermissions 200
[debug] [2025-08-04T04:58:19.685Z] <<< [apiv2][body] POST https://cloudresourcemanager.googleapis.com/v1/projects/acc-app-e5316:testIamPermissions {"permissions":["cloudfunctions.functions.create","cloudfunctions.functions.delete","cloudfunctions.functions.get","cloudfunctions.functions.list","cloudfunctions.functions.update","cloudfunctions.operations.get","firebase.projects.get"]}
[debug] [2025-08-04T04:58:19.685Z] Checked if tokens are valid: true, expires at: 1754285870574
[debug] [2025-08-04T04:58:19.685Z] Checked if tokens are valid: true, expires at: 1754285870574
[debug] [2025-08-04T04:58:19.685Z] >>> [apiv2][query] POST https://iam.googleapis.com/v1/projects/acc-app-e5316/serviceAccounts/acc-app-e5316@appspot.gserviceaccount.com:testIamPermissions [none]
[debug] [2025-08-04T04:58:19.685Z] >>> [apiv2][body] POST https://iam.googleapis.com/v1/projects/acc-app-e5316/serviceAccounts/acc-app-e5316@appspot.gserviceaccount.com:testIamPermissions {"permissions":["iam.serviceAccounts.actAs"]}
[debug] [2025-08-04T04:58:21.480Z] <<< [apiv2][status] POST https://iam.googleapis.com/v1/projects/acc-app-e5316/serviceAccounts/acc-app-e5316@appspot.gserviceaccount.com:testIamPermissions 200
[debug] [2025-08-04T04:58:21.480Z] <<< [apiv2][body] POST https://iam.googleapis.com/v1/projects/acc-app-e5316/serviceAccounts/acc-app-e5316@appspot.gserviceaccount.com:testIamPermissions {"permissions":["iam.serviceAccounts.actAs"]}
[info] 
[info] === Deploying to 'acc-app-e5316'...
[info] 
[info] i  deploying functions 
[info] Running command: npm --prefix "$RESOURCE_DIR" run lint
[info] +  functions: Finished running predeploy script. 
[debug] [2025-08-04T04:58:21.795Z] Checked if tokens are valid: true, expires at: 1754285870574
[debug] [2025-08-04T04:58:21.795Z] Checked if tokens are valid: true, expires at: 1754285870574
[debug] [2025-08-04T04:58:21.795Z] >>> [apiv2][query] GET https://cloudresourcemanager.googleapis.com/v1/projects/acc-app-e5316 [none]
[debug] [2025-08-04T04:58:22.142Z] <<< [apiv2][status] GET https://cloudresourcemanager.googleapis.com/v1/projects/acc-app-e5316 200
[debug] [2025-08-04T04:58:22.142Z] <<< [apiv2][body] GET https://cloudresourcemanager.googleapis.com/v1/projects/acc-app-e5316 {"projectNumber":"447193481869","projectId":"acc-app-e5316","lifecycleState":"ACTIVE","name":"Acc App","labels":{"firebase":"enabled","firebase-core":"disabled"},"createTime":"2025-07-13T07:35:54.775646Z"}
[info] i  functions: preparing codebase default for deployment 
[info] i  functions: ensuring required API cloudfunctions.googleapis.com is enabled... 
[info] i  functions: ensuring required API cloudbuild.googleapis.com is enabled... 
[info] i  artifactregistry: ensuring required API artifactregistry.googleapis.com is enabled... 
[debug] [2025-08-04T04:58:22.144Z] Checked if tokens are valid: true, expires at: 1754285870574
[debug] [2025-08-04T04:58:22.144Z] Checked if tokens are valid: true, expires at: 1754285870574
[debug] [2025-08-04T04:58:22.144Z] >>> [apiv2][query] GET https://firebase.googleapis.com/v1beta1/projects/acc-app-e5316/adminSdkConfig [none]
[debug] [2025-08-04T04:58:23.615Z] <<< [apiv2][status] GET https://firebase.googleapis.com/v1beta1/projects/acc-app-e5316/adminSdkConfig 200
[debug] [2025-08-04T04:58:23.615Z] <<< [apiv2][body] GET https://firebase.googleapis.com/v1beta1/projects/acc-app-e5316/adminSdkConfig {"projectId":"acc-app-e5316","storageBucket":"acc-app-e5316.firebasestorage.app"}
[debug] [2025-08-04T04:58:23.615Z] Checked if tokens are valid: true, expires at: 1754285870574
[debug] [2025-08-04T04:58:23.615Z] Checked if tokens are valid: true, expires at: 1754285870574
[debug] [2025-08-04T04:58:23.615Z] >>> [apiv2][query] GET https://runtimeconfig.googleapis.com/v1beta1/projects/acc-app-e5316/configs [none]
[debug] [2025-08-04T04:58:24.008Z] <<< [apiv2][status] GET https://runtimeconfig.googleapis.com/v1beta1/projects/acc-app-e5316/configs 200
[debug] [2025-08-04T04:58:24.008Z] <<< [apiv2][body] GET https://runtimeconfig.googleapis.com/v1beta1/projects/acc-app-e5316/configs {"configs":[{"name":"projects/acc-app-e5316/configs/recaptcha"}]}
[debug] [2025-08-04T04:58:24.008Z] Checked if tokens are valid: true, expires at: 1754285870574
[debug] [2025-08-04T04:58:24.008Z] Checked if tokens are valid: true, expires at: 1754285870574
[debug] [2025-08-04T04:58:24.009Z] >>> [apiv2][query] GET https://runtimeconfig.googleapis.com/v1beta1/projects/acc-app-e5316/configs/recaptcha/variables [none]
[debug] [2025-08-04T04:58:24.348Z] <<< [apiv2][status] GET https://runtimeconfig.googleapis.com/v1beta1/projects/acc-app-e5316/configs/recaptcha/variables 200
[debug] [2025-08-04T04:58:24.348Z] <<< [apiv2][body] GET https://runtimeconfig.googleapis.com/v1beta1/projects/acc-app-e5316/configs/recaptcha/variables {"variables":[{"name":"projects/acc-app-e5316/configs/recaptcha/variables/secret_key","updateTime":"2025-08-02T08:46:28.682426250Z"}]}
[debug] [2025-08-04T04:58:24.348Z] Checked if tokens are valid: true, expires at: 1754285870574
[debug] [2025-08-04T04:58:24.348Z] Checked if tokens are valid: true, expires at: 1754285870574
[debug] [2025-08-04T04:58:24.348Z] >>> [apiv2][query] GET https://runtimeconfig.googleapis.com/v1beta1/projects/acc-app-e5316/configs/recaptcha/variables/secret_key [none]
[debug] [2025-08-04T04:58:24.679Z] <<< [apiv2][status] GET https://runtimeconfig.googleapis.com/v1beta1/projects/acc-app-e5316/configs/recaptcha/variables/secret_key 200
[debug] [2025-08-04T04:58:24.679Z] <<< [apiv2][body] GET https://runtimeconfig.googleapis.com/v1beta1/projects/acc-app-e5316/configs/recaptcha/variables/secret_key {"name":"projects/acc-app-e5316/configs/recaptcha/variables/secret_key","updateTime":"2025-08-02T08:46:28.682426250Z","text":"YOUR_SECRET_KEY_HERE"}
[debug] [2025-08-04T04:58:24.681Z] Validating nodejs source
[warn] !  functions: Runtime Node.js 18 was deprecated on 2025-04-30 and will be decommissioned on 2025-10-30, after which you will not be able to deploy without upgrading. Consider upgrading now to avoid disruption. See https://cloud.google.com/functions/docs/runtime-support for full details on the lifecycle policy 
[warn] !  functions: package.json indicates an outdated version of firebase-functions. Please upgrade using npm install --save firebase-functions@latest in your functions directory. 
[warn] !  functions: Please note that there will be breaking changes when you upgrade. 
[debug] [2025-08-04T04:58:25.377Z] > [functions] package.json contents: {
  "name": "acctoo-auth-functions",
  "version": "1.0.0",
  "description": "Firebase Functions for ACCTOO Authentication and Authorization System",
  "main": "index.js",
  "scripts": {
    "serve": "firebase emulators:start --only functions",
    "shell": "firebase functions:shell",
    "start": "npm run shell",
    "deploy": "firebase deploy --only functions",
    "logs": "firebase functions:log",
    "test": "jest",
    "test:watch": "jest --watch",
    "lint": "echo 'Linting disabled for deployment'",
    "lint:fix": "eslint . --fix"
  },
  "engines": {
    "node": "18"
  },
  "dependencies": {
    "firebase-admin": "^12.0.0",
    "firebase-functions": "^4.5.0",
    "bcryptjs": "^2.4.3",
    "nodemailer": "^6.9.7",
    "twilio": "^4.19.0",
    "joi": "^17.11.0",
    "uuid": "^9.0.1",
    "moment": "^2.29.4"
  },
  "devDependencies": {
    "eslint": "^8.55.0",
    "jest": "^29.7.0",
    "firebase-functions-test": "^3.1.0",
    "supertest": "^6.3.3"
  },
  "keywords": [
    "firebase",
    "functions",
    "authentication",
    "authorization",
    "rbac",
    "acctoo"
  ],
  "author": "ACCTOO Team",
  "license": "MIT",
  "repository": {
    "type": "git",
    "url": "https://github.com/acctoo/auth-system.git"
  },
  "bugs": {
    "url": "https://github.com/acctoo/auth-system/issues"
  },
  "homepage": "https://github.com/acctoo/auth-system#readme"
}
[debug] [2025-08-04T04:58:25.377Z] Building nodejs source
[info] i  functions: Loading and analyzing source code for codebase default to determine what to deploy 
[info] i  functions: You are using a version of firebase-functions SDK (4.9.0) that does not have support for the newest Firebase Extensions features. Please update firebase-functions SDK to >=5.1.0 to use them correctly 
[debug] [2025-08-04T04:58:25.378Z] Could not find functions.yaml. Must use http discovery
[debug] [2025-08-04T04:58:25.383Z] Found firebase-functions binary at 'E:\App\functions\node_modules\.bin\firebase-functions'
[info] Serving at port 8148

[debug] [2025-08-04T04:58:25.761Z] Got response from /__/functions.yaml {"endpoints":{"authLogin":{"platform":"gcfv1","labels":{},"availableMemoryMb":null,"timeoutSeconds":null,"minInstances":null,"maxInstances":null,"ingressSettings":null,"serviceAccountEmail":null,"vpc":null,"callableTrigger":{},"entryPoint":"authLogin"},"authVerifyOTP":{"platform":"gcfv1","labels":{},"availableMemoryMb":null,"timeoutSeconds":null,"minInstances":null,"maxInstances":null,"ingressSettings":null,"serviceAccountEmail":null,"vpc":null,"callableTrigger":{},"entryPoint":"authVerifyOTP"},"authSendOTP":{"platform":"gcfv1","labels":{},"availableMemoryMb":null,"timeoutSeconds":null,"minInstances":null,"maxInstances":null,"ingressSettings":null,"serviceAccountEmail":null,"vpc":null,"callableTrigger":{},"entryPoint":"authSendOTP"},"adminCreateUser":{"platform":"gcfv1","labels":{},"availableMemoryMb":null,"timeoutSeconds":null,"minInstances":null,"maxInstances":null,"ingressSettings":null,"serviceAccountEmail":null,"vpc":null,"callableTrigger":{},"entryPoint":"adminCreateUser"},"utilsCleanupExpiredOTPs":{"platform":"gcfv1","availableMemoryMb":null,"timeoutSeconds":null,"minInstances":null,"maxInstances":null,"ingressSettings":null,"serviceAccountEmail":null,"vpc":null,"scheduleTrigger":{"schedule":"every 1 hours","retryConfig":{"retryCount":null,"maxDoublings":null,"maxRetryDuration":null,"maxBackoffDuration":null,"minBackoffDuration":null},"timeZone":null},"labels":{},"entryPoint":"utilsCleanupExpiredOTPs"}},"specVersion":"v1alpha1","requiredAPIs":[{"api":"cloudscheduler.googleapis.com","reason":"Needed for scheduled functions."}]}
[info] i  functions: preparing functions directory for uploading... 
[info] i  functions: packaged E:\App\functions (83.65 KB) for uploading 
[debug] [2025-08-04T04:58:29.812Z] Checked if tokens are valid: true, expires at: 1754285870574
[debug] [2025-08-04T04:58:29.812Z] Checked if tokens are valid: true, expires at: 1754285870574
[debug] [2025-08-04T04:58:29.812Z] >>> [apiv2][query] GET https://cloudfunctions.googleapis.com/v1/projects/acc-app-e5316/locations/-/functions [none]
[debug] [2025-08-04T04:58:30.608Z] <<< [apiv2][status] GET https://cloudfunctions.googleapis.com/v1/projects/acc-app-e5316/locations/-/functions 200
[debug] [2025-08-04T04:58:30.608Z] <<< [apiv2][body] GET https://cloudfunctions.googleapis.com/v1/projects/acc-app-e5316/locations/-/functions {}
[debug] [2025-08-04T04:58:30.608Z] Checked if tokens are valid: true, expires at: 1754285870574
[debug] [2025-08-04T04:58:30.608Z] Checked if tokens are valid: true, expires at: 1754285870574
[debug] [2025-08-04T04:58:30.609Z] >>> [apiv2][query] GET https://cloudfunctions.googleapis.com/v2/projects/acc-app-e5316/locations/-/functions filter=environment%3D%22GEN_2%22
[debug] [2025-08-04T04:58:32.217Z] <<< [apiv2][status] GET https://cloudfunctions.googleapis.com/v2/projects/acc-app-e5316/locations/-/functions 200
[debug] [2025-08-04T04:58:32.217Z] <<< [apiv2][body] GET https://cloudfunctions.googleapis.com/v2/projects/acc-app-e5316/locations/-/functions {}
[info] i  functions: ensuring required API cloudscheduler.googleapis.com is enabled... 
[debug] [2025-08-04T04:58:32.222Z] Checked if tokens are valid: true, expires at: 1754285870574
[debug] [2025-08-04T04:58:32.222Z] Checked if tokens are valid: true, expires at: 1754285870574
[debug] [2025-08-04T04:58:32.222Z] >>> [apiv2][query] GET https://cloudresourcemanager.googleapis.com/v1/projects/acc-app-e5316 [none]
[debug] [2025-08-04T04:58:33.849Z] <<< [apiv2][status] GET https://cloudresourcemanager.googleapis.com/v1/projects/acc-app-e5316 200
[debug] [2025-08-04T04:58:33.849Z] <<< [apiv2][body] GET https://cloudresourcemanager.googleapis.com/v1/projects/acc-app-e5316 {"projectNumber":"447193481869","projectId":"acc-app-e5316","lifecycleState":"ACTIVE","name":"Acc App","labels":{"firebase":"enabled","firebase-core":"disabled"},"createTime":"2025-07-13T07:35:54.775646Z"}
[debug] [2025-08-04T04:58:33.851Z] Checked if tokens are valid: true, expires at: 1754285870574
[debug] [2025-08-04T04:58:33.851Z] Checked if tokens are valid: true, expires at: 1754285870574
[debug] [2025-08-04T04:58:33.851Z] >>> [apiv2][query] POST https://cloudfunctions.googleapis.com/v1/projects/acc-app-e5316/locations/us-central1/functions:generateUploadUrl [none]
[debug] [2025-08-04T04:58:33.851Z] >>> [apiv2][body] POST https://cloudfunctions.googleapis.com/v1/projects/acc-app-e5316/locations/us-central1/functions:generateUploadUrl {}
[debug] [2025-08-04T04:58:34.741Z] <<< [apiv2][status] POST https://cloudfunctions.googleapis.com/v1/projects/acc-app-e5316/locations/us-central1/functions:generateUploadUrl 200
[debug] [2025-08-04T04:58:34.741Z] <<< [apiv2][body] POST https://cloudfunctions.googleapis.com/v1/projects/acc-app-e5316/locations/us-central1/functions:generateUploadUrl {"uploadUrl":"https://storage.googleapis.com/uploads-85050662026.us-central1.cloudfunctions.appspot.com/f5c4333b-7336-40b5-9052-6cf1c44d7c3d.zip?GoogleAccessId=service-447193481869@gcf-admin-robot.iam.gserviceaccount.com&Expires=1754285319&Signature=Ya%2BoGPHSQFUS%2BM4578d2z0JBhH6AmSXBQNtZPeZ6w8ZVJUBk5NoE64J4JiWIFyV7nx76sVCWuY3YcD35pL3Cmrc9jz4zew8w52yIH9%2BlJXecCTqZ6dF%2F8htN71pTo2mfEvJfwx9qCbBr5gwHAhX3E773INCjAwf3IgPZVhpWYJhFOYFcFbRLis8IDBIriG0XVscODNpd29%2F8aB%2F1vS6937o4fjfLKTj2FjQwYFgXqwESUh6rY1uKWJHCdQDCQmcdWrgOc%2BgdhyoTKLz8rknuiWNDyop4Srps%2FTTt0nN%2BZ3U6kQaCj7WtVHs5CgaqLnNVyMd0MbOryvlmgjxW4FbmnQ%3D%3D"}
[debug] [2025-08-04T04:58:34.741Z] >>> [apiv2][query] PUT https://storage.googleapis.com/uploads-85050662026.us-central1.cloudfunctions.appspot.com/f5c4333b-7336-40b5-9052-6cf1c44d7c3d.zip GoogleAccessId=service-447193481869%40gcf-admin-robot.iam.gserviceaccount.com&Expires=1754285319&Signature=Ya%2BoGPHSQFUS%2BM4578d2z0JBhH6AmSXBQNtZPeZ6w8ZVJUBk5NoE64J4JiWIFyV7nx76sVCWuY3YcD35pL3Cmrc9jz4zew8w52yIH9%2BlJXecCTqZ6dF%2F8htN71pTo2mfEvJfwx9qCbBr5gwHAhX3E773INCjAwf3IgPZVhpWYJhFOYFcFbRLis8IDBIriG0XVscODNpd29%2F8aB%2F1vS6937o4fjfLKTj2FjQwYFgXqwESUh6rY1uKWJHCdQDCQmcdWrgOc%2BgdhyoTKLz8rknuiWNDyop4Srps%2FTTt0nN%2BZ3U6kQaCj7WtVHs5CgaqLnNVyMd0MbOryvlmgjxW4FbmnQ%3D%3D
[debug] [2025-08-04T04:58:34.741Z] >>> [apiv2][body] PUT https://storage.googleapis.com/uploads-85050662026.us-central1.cloudfunctions.appspot.com/f5c4333b-7336-40b5-9052-6cf1c44d7c3d.zip [stream]
[debug] [2025-08-04T04:58:35.925Z] <<< [apiv2][status] PUT https://storage.googleapis.com/uploads-85050662026.us-central1.cloudfunctions.appspot.com/f5c4333b-7336-40b5-9052-6cf1c44d7c3d.zip 200
[debug] [2025-08-04T04:58:35.925Z] <<< [apiv2][body] PUT https://storage.googleapis.com/uploads-85050662026.us-central1.cloudfunctions.appspot.com/f5c4333b-7336-40b5-9052-6cf1c44d7c3d.zip [omitted]
[info] +  functions: functions folder uploaded successfully 
[info] i  functions: creating Node.js 18 (1st Gen) function authLogin(us-central1)... 
[info] i  functions: creating Node.js 18 (1st Gen) function authVerifyOTP(us-central1)... 
[info] i  functions: creating Node.js 18 (1st Gen) function authSendOTP(us-central1)... 
[info] i  functions: creating Node.js 18 (1st Gen) function adminCreateUser(us-central1)... 
[info] i  functions: creating Node.js 18 (1st Gen) function utilsCleanupExpiredOTPs(us-central1)... 
[debug] [2025-08-04T04:58:35.929Z] Checked if tokens are valid: true, expires at: 1754285870574
[debug] [2025-08-04T04:58:35.929Z] Checked if tokens are valid: true, expires at: 1754285870574
[debug] [2025-08-04T04:58:35.929Z] >>> [apiv2][query] POST https://cloudfunctions.googleapis.com/v1/projects/acc-app-e5316/locations/us-central1/functions [none]
[debug] [2025-08-04T04:58:35.929Z] >>> [apiv2][body] POST https://cloudfunctions.googleapis.com/v1/projects/acc-app-e5316/locations/us-central1/functions {"name":"projects/acc-app-e5316/locations/us-central1/functions/authLogin","sourceUploadUrl":"https://storage.googleapis.com/uploads-85050662026.us-central1.cloudfunctions.appspot.com/f5c4333b-7336-40b5-9052-6cf1c44d7c3d.zip?GoogleAccessId=service-447193481869@gcf-admin-robot.iam.gserviceaccount.com&Expires=1754285319&Signature=Ya%2BoGPHSQFUS%2BM4578d2z0JBhH6AmSXBQNtZPeZ6w8ZVJUBk5NoE64J4JiWIFyV7nx76sVCWuY3YcD35pL3Cmrc9jz4zew8w52yIH9%2BlJXecCTqZ6dF%2F8htN71pTo2mfEvJfwx9qCbBr5gwHAhX3E773INCjAwf3IgPZVhpWYJhFOYFcFbRLis8IDBIriG0XVscODNpd29%2F8aB%2F1vS6937o4fjfLKTj2FjQwYFgXqwESUh6rY1uKWJHCdQDCQmcdWrgOc%2BgdhyoTKLz8rknuiWNDyop4Srps%2FTTt0nN%2BZ3U6kQaCj7WtVHs5CgaqLnNVyMd0MbOryvlmgjxW4FbmnQ%3D%3D","entryPoint":"authLogin","runtime":"nodejs18","dockerRegistry":"ARTIFACT_REGISTRY","labels":{"deployment-tool":"cli-firebase","deployment-callable":"true","firebase-functions-hash":"85f3aadaf65c16e19ae1a0cd7dbca8f3ca096f7e"},"httpsTrigger":{"securityLevel":"SECURE_ALWAYS"},"minInstances":null,"maxInstances":null,"ingressSettings":null,"environmentVariables":{"FIREBASE_CONFIG":"{\"projectId\":\"acc-app-e5316\",\"storageBucket\":\"acc-app-e5316.firebasestorage.app\"}","GCLOUD_PROJECT":"acc-app-e5316","EVENTARC_CLOUD_EVENT_SOURCE":"projects/acc-app-e5316/locations/us-central1/functions/authLogin"},"serviceAccountEmail":null,"availableMemoryMb":null,"timeout":null,"vpcConnector":null,"vpcConnectorEgressSettings":null,"buildEnvironmentVariables":{"GOOGLE_NODE_RUN_SCRIPTS":""}}
[debug] [2025-08-04T04:58:36.858Z] <<< [apiv2][status] POST https://cloudfunctions.googleapis.com/v1/projects/acc-app-e5316/locations/us-central1/functions 200
[debug] [2025-08-04T04:58:36.858Z] <<< [apiv2][body] POST https://cloudfunctions.googleapis.com/v1/projects/acc-app-e5316/locations/us-central1/functions {"name":"operations/cHJvamVjdHMvYWNjLWFwcC1lNTMxNi9sb2NhdGlvbnMvdXMtY2VudHJhbDEvb3BlcmF0aW9ucy9vcGVyYXRpb24tMTc1NDI4MzUyMTIwMy02M2I4MmY2MWRkY2JmLTE2ZjlkMmVmLTI1MzhkNWY2","metadata":{"@type":"type.googleapis.com/google.cloud.functions.v1.OperationMetadataV1","target":"projects/acc-app-e5316/locations/us-central1/functions/authLogin","updateTime":"2025-08-04T04:58:41.627349028Z"}}
[debug] [2025-08-04T04:58:36.859Z] Checked if tokens are valid: true, expires at: 1754285870574
[debug] [2025-08-04T04:58:36.860Z] Checked if tokens are valid: true, expires at: 1754285870574
[debug] [2025-08-04T04:58:36.860Z] >>> [apiv2][query] GET https://cloudfunctions.googleapis.com/v1/operations/cHJvamVjdHMvYWNjLWFwcC1lNTMxNi9sb2NhdGlvbnMvdXMtY2VudHJhbDEvb3BlcmF0aW9ucy9vcGVyYXRpb24tMTc1NDI4MzUyMTIwMy02M2I4MmY2MWRkY2JmLTE2ZjlkMmVmLTI1MzhkNWY2 [none]
[debug] [2025-08-04T04:58:37.333Z] <<< [apiv2][status] GET https://cloudfunctions.googleapis.com/v1/operations/cHJvamVjdHMvYWNjLWFwcC1lNTMxNi9sb2NhdGlvbnMvdXMtY2VudHJhbDEvb3BlcmF0aW9ucy9vcGVyYXRpb24tMTc1NDI4MzUyMTIwMy02M2I4MmY2MWRkY2JmLTE2ZjlkMmVmLTI1MzhkNWY2 200
[debug] [2025-08-04T04:58:37.334Z] <<< [apiv2][body] GET https://cloudfunctions.googleapis.com/v1/operations/cHJvamVjdHMvYWNjLWFwcC1lNTMxNi9sb2NhdGlvbnMvdXMtY2VudHJhbDEvb3BlcmF0aW9ucy9vcGVyYXRpb24tMTc1NDI4MzUyMTIwMy02M2I4MmY2MWRkY2JmLTE2ZjlkMmVmLTI1MzhkNWY2 {"name":"operations/cHJvamVjdHMvYWNjLWFwcC1lNTMxNi9sb2NhdGlvbnMvdXMtY2VudHJhbDEvb3BlcmF0aW9ucy9vcGVyYXRpb24tMTc1NDI4MzUyMTIwMy02M2I4MmY2MWRkY2JmLTE2ZjlkMmVmLTI1MzhkNWY2","metadata":{"@type":"type.googleapis.com/google.cloud.functions.v1.OperationMetadataV1","target":"projects/acc-app-e5316/locations/us-central1/functions/authLogin","updateTime":"2025-08-04T04:58:41.627349028Z"}}
[debug] [2025-08-04T04:58:37.846Z] [create-default-us-central1-authLogin] Retrying task index 0
[debug] [2025-08-04T04:58:37.846Z] Checked if tokens are valid: true, expires at: 1754285870574
[debug] [2025-08-04T04:58:37.846Z] Checked if tokens are valid: true, expires at: 1754285870574
[debug] [2025-08-04T04:58:37.846Z] >>> [apiv2][query] GET https://cloudfunctions.googleapis.com/v1/operations/cHJvamVjdHMvYWNjLWFwcC1lNTMxNi9sb2NhdGlvbnMvdXMtY2VudHJhbDEvb3BlcmF0aW9ucy9vcGVyYXRpb24tMTc1NDI4MzUyMTIwMy02M2I4MmY2MWRkY2JmLTE2ZjlkMmVmLTI1MzhkNWY2 [none]
[debug] [2025-08-04T04:58:38.312Z] <<< [apiv2][status] GET https://cloudfunctions.googleapis.com/v1/operations/cHJvamVjdHMvYWNjLWFwcC1lNTMxNi9sb2NhdGlvbnMvdXMtY2VudHJhbDEvb3BlcmF0aW9ucy9vcGVyYXRpb24tMTc1NDI4MzUyMTIwMy02M2I4MmY2MWRkY2JmLTE2ZjlkMmVmLTI1MzhkNWY2 200
[debug] [2025-08-04T04:58:38.313Z] <<< [apiv2][body] GET https://cloudfunctions.googleapis.com/v1/operations/cHJvamVjdHMvYWNjLWFwcC1lNTMxNi9sb2NhdGlvbnMvdXMtY2VudHJhbDEvb3BlcmF0aW9ucy9vcGVyYXRpb24tMTc1NDI4MzUyMTIwMy02M2I4MmY2MWRkY2JmLTE2ZjlkMmVmLTI1MzhkNWY2 {"name":"operations/cHJvamVjdHMvYWNjLWFwcC1lNTMxNi9sb2NhdGlvbnMvdXMtY2VudHJhbDEvb3BlcmF0aW9ucy9vcGVyYXRpb24tMTc1NDI4MzUyMTIwMy02M2I4MmY2MWRkY2JmLTE2ZjlkMmVmLTI1MzhkNWY2","metadata":{"@type":"type.googleapis.com/google.cloud.functions.v1.OperationMetadataV1","target":"projects/acc-app-e5316/locations/us-central1/functions/authLogin","type":"CREATE_FUNCTION","request":{"@type":"type.googleapis.com/google.cloud.functions.v1.CloudFunction","name":"projects/acc-app-e5316/locations/us-central1/functions/authLogin","httpsTrigger":{"securityLevel":"SECURE_ALWAYS"},"entryPoint":"authLogin","updateTime":"1970-01-01T00:00:00Z","labels":{"deployment-tool":"cli-firebase","deployment-callable":"true","firebase-functions-hash":"85f3aadaf65c16e19ae1a0cd7dbca8f3ca096f7e"},"sourceUploadUrl":"https://storage.googleapis.com/uploads-85050662026.us-central1.cloudfunctions.appspot.com/f5c4333b-7336-40b5-9052-6cf1c44d7c3d.zip?GoogleAccessId=service-447193481869@gcf-admin-robot.iam.gserviceaccount.com&Expires=1754285319&Signature=Ya%2BoGPHSQFUS%2BM4578d2z0JBhH6AmSXBQNtZPeZ6w8ZVJUBk5NoE64J4JiWIFyV7nx76sVCWuY3YcD35pL3Cmrc9jz4zew8w52yIH9%2BlJXecCTqZ6dF%2F8htN71pTo2mfEvJfwx9qCbBr5gwHAhX3E773INCjAwf3IgPZVhpWYJhFOYFcFbRLis8IDBIriG0XVscODNpd29%2F8aB%2F1vS6937o4fjfLKTj2FjQwYFgXqwESUh6rY1uKWJHCdQDCQmcdWrgOc%2BgdhyoTKLz8rknuiWNDyop4Srps%2FTTt0nN%2BZ3U6kQaCj7WtVHs5CgaqLnNVyMd0MbOryvlmgjxW4FbmnQ%3D%3D","environmentVariables":{"FIREBASE_CONFIG":"{\"projectId\":\"acc-app-e5316\",\"storageBucket\":\"acc-app-e5316.firebasestorage.app\"}","GCLOUD_PROJECT":"acc-app-e5316","EVENTARC_CLOUD_EVENT_SOURCE":"projects/acc-app-e5316/locations/us-central1/functions/authLogin"},"runtime":"nodejs18","buildEnvironmentVariables":{"GOOGLE_NODE_RUN_SCRIPTS":""},"dockerRegistry":"ARTIFACT_REGISTRY"},"versionId":"1","updateTime":"2025-08-04T04:58:41.627349028Z"}}
[debug] [2025-08-04T04:58:39.320Z] [create-default-us-central1-authLogin] Retrying task index 0
[debug] [2025-08-04T04:58:39.320Z] Checked if tokens are valid: true, expires at: 1754285870574
[debug] [2025-08-04T04:58:39.321Z] Checked if tokens are valid: true, expires at: 1754285870574
[debug] [2025-08-04T04:58:39.321Z] >>> [apiv2][query] GET https://cloudfunctions.googleapis.com/v1/operations/cHJvamVjdHMvYWNjLWFwcC1lNTMxNi9sb2NhdGlvbnMvdXMtY2VudHJhbDEvb3BlcmF0aW9ucy9vcGVyYXRpb24tMTc1NDI4MzUyMTIwMy02M2I4MmY2MWRkY2JmLTE2ZjlkMmVmLTI1MzhkNWY2 [none]
[debug] [2025-08-04T04:58:39.761Z] <<< [apiv2][status] GET https://cloudfunctions.googleapis.com/v1/operations/cHJvamVjdHMvYWNjLWFwcC1lNTMxNi9sb2NhdGlvbnMvdXMtY2VudHJhbDEvb3BlcmF0aW9ucy9vcGVyYXRpb24tMTc1NDI4MzUyMTIwMy02M2I4MmY2MWRkY2JmLTE2ZjlkMmVmLTI1MzhkNWY2 200
[debug] [2025-08-04T04:58:39.761Z] <<< [apiv2][body] GET https://cloudfunctions.googleapis.com/v1/operations/cHJvamVjdHMvYWNjLWFwcC1lNTMxNi9sb2NhdGlvbnMvdXMtY2VudHJhbDEvb3BlcmF0aW9ucy9vcGVyYXRpb24tMTc1NDI4MzUyMTIwMy02M2I4MmY2MWRkY2JmLTE2ZjlkMmVmLTI1MzhkNWY2 {"name":"operations/cHJvamVjdHMvYWNjLWFwcC1lNTMxNi9sb2NhdGlvbnMvdXMtY2VudHJhbDEvb3BlcmF0aW9ucy9vcGVyYXRpb24tMTc1NDI4MzUyMTIwMy02M2I4MmY2MWRkY2JmLTE2ZjlkMmVmLTI1MzhkNWY2","metadata":{"@type":"type.googleapis.com/google.cloud.functions.v1.OperationMetadataV1","target":"projects/acc-app-e5316/locations/us-central1/functions/authLogin","type":"CREATE_FUNCTION","request":{"@type":"type.googleapis.com/google.cloud.functions.v1.CloudFunction","name":"projects/acc-app-e5316/locations/us-central1/functions/authLogin","httpsTrigger":{"securityLevel":"SECURE_ALWAYS"},"entryPoint":"authLogin","updateTime":"1970-01-01T00:00:00Z","labels":{"deployment-tool":"cli-firebase","deployment-callable":"true","firebase-functions-hash":"85f3aadaf65c16e19ae1a0cd7dbca8f3ca096f7e"},"sourceUploadUrl":"https://storage.googleapis.com/uploads-85050662026.us-central1.cloudfunctions.appspot.com/f5c4333b-7336-40b5-9052-6cf1c44d7c3d.zip?GoogleAccessId=service-447193481869@gcf-admin-robot.iam.gserviceaccount.com&Expires=1754285319&Signature=Ya%2BoGPHSQFUS%2BM4578d2z0JBhH6AmSXBQNtZPeZ6w8ZVJUBk5NoE64J4JiWIFyV7nx76sVCWuY3YcD35pL3Cmrc9jz4zew8w52yIH9%2BlJXecCTqZ6dF%2F8htN71pTo2mfEvJfwx9qCbBr5gwHAhX3E773INCjAwf3IgPZVhpWYJhFOYFcFbRLis8IDBIriG0XVscODNpd29%2F8aB%2F1vS6937o4fjfLKTj2FjQwYFgXqwESUh6rY1uKWJHCdQDCQmcdWrgOc%2BgdhyoTKLz8rknuiWNDyop4Srps%2FTTt0nN%2BZ3U6kQaCj7WtVHs5CgaqLnNVyMd0MbOryvlmgjxW4FbmnQ%3D%3D","environmentVariables":{"FIREBASE_CONFIG":"{\"projectId\":\"acc-app-e5316\",\"storageBucket\":\"acc-app-e5316.firebasestorage.app\"}","GCLOUD_PROJECT":"acc-app-e5316","EVENTARC_CLOUD_EVENT_SOURCE":"projects/acc-app-e5316/locations/us-central1/functions/authLogin"},"runtime":"nodejs18","buildEnvironmentVariables":{"GOOGLE_NODE_RUN_SCRIPTS":""},"dockerRegistry":"ARTIFACT_REGISTRY"},"versionId":"1","updateTime":"2025-08-04T04:58:41.627349028Z"}}
[debug] [2025-08-04T04:58:41.768Z] [create-default-us-central1-authLogin] Retrying task index 0
[debug] [2025-08-04T04:58:41.768Z] Checked if tokens are valid: true, expires at: 1754285870574
[debug] [2025-08-04T04:58:41.768Z] Checked if tokens are valid: true, expires at: 1754285870574
[debug] [2025-08-04T04:58:41.768Z] >>> [apiv2][query] GET https://cloudfunctions.googleapis.com/v1/operations/cHJvamVjdHMvYWNjLWFwcC1lNTMxNi9sb2NhdGlvbnMvdXMtY2VudHJhbDEvb3BlcmF0aW9ucy9vcGVyYXRpb24tMTc1NDI4MzUyMTIwMy02M2I4MmY2MWRkY2JmLTE2ZjlkMmVmLTI1MzhkNWY2 [none]
[debug] [2025-08-04T04:58:42.158Z] <<< [apiv2][status] GET https://cloudfunctions.googleapis.com/v1/operations/cHJvamVjdHMvYWNjLWFwcC1lNTMxNi9sb2NhdGlvbnMvdXMtY2VudHJhbDEvb3BlcmF0aW9ucy9vcGVyYXRpb24tMTc1NDI4MzUyMTIwMy02M2I4MmY2MWRkY2JmLTE2ZjlkMmVmLTI1MzhkNWY2 200
[debug] [2025-08-04T04:58:42.158Z] <<< [apiv2][body] GET https://cloudfunctions.googleapis.com/v1/operations/cHJvamVjdHMvYWNjLWFwcC1lNTMxNi9sb2NhdGlvbnMvdXMtY2VudHJhbDEvb3BlcmF0aW9ucy9vcGVyYXRpb24tMTc1NDI4MzUyMTIwMy02M2I4MmY2MWRkY2JmLTE2ZjlkMmVmLTI1MzhkNWY2 {"name":"operations/cHJvamVjdHMvYWNjLWFwcC1lNTMxNi9sb2NhdGlvbnMvdXMtY2VudHJhbDEvb3BlcmF0aW9ucy9vcGVyYXRpb24tMTc1NDI4MzUyMTIwMy02M2I4MmY2MWRkY2JmLTE2ZjlkMmVmLTI1MzhkNWY2","metadata":{"@type":"type.googleapis.com/google.cloud.functions.v1.OperationMetadataV1","target":"projects/acc-app-e5316/locations/us-central1/functions/authLogin","type":"CREATE_FUNCTION","request":{"@type":"type.googleapis.com/google.cloud.functions.v1.CloudFunction","name":"projects/acc-app-e5316/locations/us-central1/functions/authLogin","httpsTrigger":{"securityLevel":"SECURE_ALWAYS"},"entryPoint":"authLogin","updateTime":"1970-01-01T00:00:00Z","labels":{"deployment-tool":"cli-firebase","deployment-callable":"true","firebase-functions-hash":"85f3aadaf65c16e19ae1a0cd7dbca8f3ca096f7e"},"sourceUploadUrl":"https://storage.googleapis.com/uploads-85050662026.us-central1.cloudfunctions.appspot.com/f5c4333b-7336-40b5-9052-6cf1c44d7c3d.zip?GoogleAccessId=service-447193481869@gcf-admin-robot.iam.gserviceaccount.com&Expires=1754285319&Signature=Ya%2BoGPHSQFUS%2BM4578d2z0JBhH6AmSXBQNtZPeZ6w8ZVJUBk5NoE64J4JiWIFyV7nx76sVCWuY3YcD35pL3Cmrc9jz4zew8w52yIH9%2BlJXecCTqZ6dF%2F8htN71pTo2mfEvJfwx9qCbBr5gwHAhX3E773INCjAwf3IgPZVhpWYJhFOYFcFbRLis8IDBIriG0XVscODNpd29%2F8aB%2F1vS6937o4fjfLKTj2FjQwYFgXqwESUh6rY1uKWJHCdQDCQmcdWrgOc%2BgdhyoTKLz8rknuiWNDyop4Srps%2FTTt0nN%2BZ3U6kQaCj7WtVHs5CgaqLnNVyMd0MbOryvlmgjxW4FbmnQ%3D%3D","environmentVariables":{"FIREBASE_CONFIG":"{\"projectId\":\"acc-app-e5316\",\"storageBucket\":\"acc-app-e5316.firebasestorage.app\"}","GCLOUD_PROJECT":"acc-app-e5316","EVENTARC_CLOUD_EVENT_SOURCE":"projects/acc-app-e5316/locations/us-central1/functions/authLogin"},"runtime":"nodejs18","buildEnvironmentVariables":{"GOOGLE_NODE_RUN_SCRIPTS":""},"dockerRegistry":"ARTIFACT_REGISTRY"},"versionId":"1","updateTime":"2025-08-04T04:58:41.627349028Z"}}
[debug] [2025-08-04T04:58:46.167Z] [create-default-us-central1-authLogin] Retrying task index 0
[debug] [2025-08-04T04:58:46.168Z] Checked if tokens are valid: true, expires at: 1754285870574
[debug] [2025-08-04T04:58:46.168Z] Checked if tokens are valid: true, expires at: 1754285870574
[debug] [2025-08-04T04:58:46.168Z] >>> [apiv2][query] GET https://cloudfunctions.googleapis.com/v1/operations/cHJvamVjdHMvYWNjLWFwcC1lNTMxNi9sb2NhdGlvbnMvdXMtY2VudHJhbDEvb3BlcmF0aW9ucy9vcGVyYXRpb24tMTc1NDI4MzUyMTIwMy02M2I4MmY2MWRkY2JmLTE2ZjlkMmVmLTI1MzhkNWY2 [none]
[debug] [2025-08-04T04:58:46.619Z] <<< [apiv2][status] GET https://cloudfunctions.googleapis.com/v1/operations/cHJvamVjdHMvYWNjLWFwcC1lNTMxNi9sb2NhdGlvbnMvdXMtY2VudHJhbDEvb3BlcmF0aW9ucy9vcGVyYXRpb24tMTc1NDI4MzUyMTIwMy02M2I4MmY2MWRkY2JmLTE2ZjlkMmVmLTI1MzhkNWY2 200
[debug] [2025-08-04T04:58:46.619Z] <<< [apiv2][body] GET https://cloudfunctions.googleapis.com/v1/operations/cHJvamVjdHMvYWNjLWFwcC1lNTMxNi9sb2NhdGlvbnMvdXMtY2VudHJhbDEvb3BlcmF0aW9ucy9vcGVyYXRpb24tMTc1NDI4MzUyMTIwMy02M2I4MmY2MWRkY2JmLTE2ZjlkMmVmLTI1MzhkNWY2 {"name":"operations/cHJvamVjdHMvYWNjLWFwcC1lNTMxNi9sb2NhdGlvbnMvdXMtY2VudHJhbDEvb3BlcmF0aW9ucy9vcGVyYXRpb24tMTc1NDI4MzUyMTIwMy02M2I4MmY2MWRkY2JmLTE2ZjlkMmVmLTI1MzhkNWY2","metadata":{"@type":"type.googleapis.com/google.cloud.functions.v1.OperationMetadataV1","target":"projects/acc-app-e5316/locations/us-central1/functions/authLogin","type":"CREATE_FUNCTION","request":{"@type":"type.googleapis.com/google.cloud.functions.v1.CloudFunction","name":"projects/acc-app-e5316/locations/us-central1/functions/authLogin","httpsTrigger":{"securityLevel":"SECURE_ALWAYS"},"entryPoint":"authLogin","updateTime":"1970-01-01T00:00:00Z","labels":{"deployment-tool":"cli-firebase","deployment-callable":"true","firebase-functions-hash":"85f3aadaf65c16e19ae1a0cd7dbca8f3ca096f7e"},"sourceUploadUrl":"https://storage.googleapis.com/uploads-85050662026.us-central1.cloudfunctions.appspot.com/f5c4333b-7336-40b5-9052-6cf1c44d7c3d.zip?GoogleAccessId=service-447193481869@gcf-admin-robot.iam.gserviceaccount.com&Expires=1754285319&Signature=Ya%2BoGPHSQFUS%2BM4578d2z0JBhH6AmSXBQNtZPeZ6w8ZVJUBk5NoE64J4JiWIFyV7nx76sVCWuY3YcD35pL3Cmrc9jz4zew8w52yIH9%2BlJXecCTqZ6dF%2F8htN71pTo2mfEvJfwx9qCbBr5gwHAhX3E773INCjAwf3IgPZVhpWYJhFOYFcFbRLis8IDBIriG0XVscODNpd29%2F8aB%2F1vS6937o4fjfLKTj2FjQwYFgXqwESUh6rY1uKWJHCdQDCQmcdWrgOc%2BgdhyoTKLz8rknuiWNDyop4Srps%2FTTt0nN%2BZ3U6kQaCj7WtVHs5CgaqLnNVyMd0MbOryvlmgjxW4FbmnQ%3D%3D","environmentVariables":{"FIREBASE_CONFIG":"{\"projectId\":\"acc-app-e5316\",\"storageBucket\":\"acc-app-e5316.firebasestorage.app\"}","GCLOUD_PROJECT":"acc-app-e5316","EVENTARC_CLOUD_EVENT_SOURCE":"projects/acc-app-e5316/locations/us-central1/functions/authLogin"},"runtime":"nodejs18","buildEnvironmentVariables":{"GOOGLE_NODE_RUN_SCRIPTS":""},"dockerRegistry":"ARTIFACT_REGISTRY"},"versionId":"1","updateTime":"2025-08-04T04:58:41.627349028Z"}}
[debug] [2025-08-04T04:58:54.635Z] [create-default-us-central1-authLogin] Retrying task index 0
[debug] [2025-08-04T04:58:54.635Z] Checked if tokens are valid: true, expires at: 1754285870574
[debug] [2025-08-04T04:58:54.635Z] Checked if tokens are valid: true, expires at: 1754285870574
[debug] [2025-08-04T04:58:54.635Z] >>> [apiv2][query] GET https://cloudfunctions.googleapis.com/v1/operations/cHJvamVjdHMvYWNjLWFwcC1lNTMxNi9sb2NhdGlvbnMvdXMtY2VudHJhbDEvb3BlcmF0aW9ucy9vcGVyYXRpb24tMTc1NDI4MzUyMTIwMy02M2I4MmY2MWRkY2JmLTE2ZjlkMmVmLTI1MzhkNWY2 [none]
[debug] [2025-08-04T04:58:55.316Z] <<< [apiv2][status] GET https://cloudfunctions.googleapis.com/v1/operations/cHJvamVjdHMvYWNjLWFwcC1lNTMxNi9sb2NhdGlvbnMvdXMtY2VudHJhbDEvb3BlcmF0aW9ucy9vcGVyYXRpb24tMTc1NDI4MzUyMTIwMy02M2I4MmY2MWRkY2JmLTE2ZjlkMmVmLTI1MzhkNWY2 200
[debug] [2025-08-04T04:58:55.316Z] <<< [apiv2][body] GET https://cloudfunctions.googleapis.com/v1/operations/cHJvamVjdHMvYWNjLWFwcC1lNTMxNi9sb2NhdGlvbnMvdXMtY2VudHJhbDEvb3BlcmF0aW9ucy9vcGVyYXRpb24tMTc1NDI4MzUyMTIwMy02M2I4MmY2MWRkY2JmLTE2ZjlkMmVmLTI1MzhkNWY2 {"name":"operations/cHJvamVjdHMvYWNjLWFwcC1lNTMxNi9sb2NhdGlvbnMvdXMtY2VudHJhbDEvb3BlcmF0aW9ucy9vcGVyYXRpb24tMTc1NDI4MzUyMTIwMy02M2I4MmY2MWRkY2JmLTE2ZjlkMmVmLTI1MzhkNWY2","metadata":{"@type":"type.googleapis.com/google.cloud.functions.v1.OperationMetadataV1","target":"projects/acc-app-e5316/locations/us-central1/functions/authLogin","type":"CREATE_FUNCTION","request":{"@type":"type.googleapis.com/google.cloud.functions.v1.CloudFunction","name":"projects/acc-app-e5316/locations/us-central1/functions/authLogin","httpsTrigger":{"securityLevel":"SECURE_ALWAYS"},"entryPoint":"authLogin","updateTime":"1970-01-01T00:00:00Z","labels":{"deployment-tool":"cli-firebase","deployment-callable":"true","firebase-functions-hash":"85f3aadaf65c16e19ae1a0cd7dbca8f3ca096f7e"},"sourceUploadUrl":"https://storage.googleapis.com/uploads-85050662026.us-central1.cloudfunctions.appspot.com/f5c4333b-7336-40b5-9052-6cf1c44d7c3d.zip?GoogleAccessId=service-447193481869@gcf-admin-robot.iam.gserviceaccount.com&Expires=1754285319&Signature=Ya%2BoGPHSQFUS%2BM4578d2z0JBhH6AmSXBQNtZPeZ6w8ZVJUBk5NoE64J4JiWIFyV7nx76sVCWuY3YcD35pL3Cmrc9jz4zew8w52yIH9%2BlJXecCTqZ6dF%2F8htN71pTo2mfEvJfwx9qCbBr5gwHAhX3E773INCjAwf3IgPZVhpWYJhFOYFcFbRLis8IDBIriG0XVscODNpd29%2F8aB%2F1vS6937o4fjfLKTj2FjQwYFgXqwESUh6rY1uKWJHCdQDCQmcdWrgOc%2BgdhyoTKLz8rknuiWNDyop4Srps%2FTTt0nN%2BZ3U6kQaCj7WtVHs5CgaqLnNVyMd0MbOryvlmgjxW4FbmnQ%3D%3D","environmentVariables":{"FIREBASE_CONFIG":"{\"projectId\":\"acc-app-e5316\",\"storageBucket\":\"acc-app-e5316.firebasestorage.app\"}","GCLOUD_PROJECT":"acc-app-e5316","EVENTARC_CLOUD_EVENT_SOURCE":"projects/acc-app-e5316/locations/us-central1/functions/authLogin"},"runtime":"nodejs18","buildEnvironmentVariables":{"GOOGLE_NODE_RUN_SCRIPTS":""},"dockerRegistry":"ARTIFACT_REGISTRY"},"versionId":"1","updateTime":"2025-08-04T04:58:41.627349028Z","buildId":"900e01fb-0f2f-4899-85f4-550bacddef80","buildName":"projects/447193481869/locations/us-central1/builds/900e01fb-0f2f-4899-85f4-550bacddef80"}}
[debug] [2025-08-04T04:59:05.317Z] [create-default-us-central1-authLogin] Retrying task index 0
[debug] [2025-08-04T04:59:05.318Z] Checked if tokens are valid: true, expires at: 1754285870574
[debug] [2025-08-04T04:59:05.318Z] Checked if tokens are valid: true, expires at: 1754285870574
[debug] [2025-08-04T04:59:05.318Z] >>> [apiv2][query] GET https://cloudfunctions.googleapis.com/v1/operations/cHJvamVjdHMvYWNjLWFwcC1lNTMxNi9sb2NhdGlvbnMvdXMtY2VudHJhbDEvb3BlcmF0aW9ucy9vcGVyYXRpb24tMTc1NDI4MzUyMTIwMy02M2I4MmY2MWRkY2JmLTE2ZjlkMmVmLTI1MzhkNWY2 [none]
[debug] [2025-08-04T04:59:05.886Z] <<< [apiv2][status] GET https://cloudfunctions.googleapis.com/v1/operations/cHJvamVjdHMvYWNjLWFwcC1lNTMxNi9sb2NhdGlvbnMvdXMtY2VudHJhbDEvb3BlcmF0aW9ucy9vcGVyYXRpb24tMTc1NDI4MzUyMTIwMy02M2I4MmY2MWRkY2JmLTE2ZjlkMmVmLTI1MzhkNWY2 200
[debug] [2025-08-04T04:59:05.886Z] <<< [apiv2][body] GET https://cloudfunctions.googleapis.com/v1/operations/cHJvamVjdHMvYWNjLWFwcC1lNTMxNi9sb2NhdGlvbnMvdXMtY2VudHJhbDEvb3BlcmF0aW9ucy9vcGVyYXRpb24tMTc1NDI4MzUyMTIwMy02M2I4MmY2MWRkY2JmLTE2ZjlkMmVmLTI1MzhkNWY2 {"name":"operations/cHJvamVjdHMvYWNjLWFwcC1lNTMxNi9sb2NhdGlvbnMvdXMtY2VudHJhbDEvb3BlcmF0aW9ucy9vcGVyYXRpb24tMTc1NDI4MzUyMTIwMy02M2I4MmY2MWRkY2JmLTE2ZjlkMmVmLTI1MzhkNWY2","metadata":{"@type":"type.googleapis.com/google.cloud.functions.v1.OperationMetadataV1","target":"projects/acc-app-e5316/locations/us-central1/functions/authLogin","type":"CREATE_FUNCTION","request":{"@type":"type.googleapis.com/google.cloud.functions.v1.CloudFunction","name":"projects/acc-app-e5316/locations/us-central1/functions/authLogin","httpsTrigger":{"securityLevel":"SECURE_ALWAYS"},"entryPoint":"authLogin","updateTime":"1970-01-01T00:00:00Z","labels":{"deployment-tool":"cli-firebase","deployment-callable":"true","firebase-functions-hash":"85f3aadaf65c16e19ae1a0cd7dbca8f3ca096f7e"},"sourceUploadUrl":"https://storage.googleapis.com/uploads-85050662026.us-central1.cloudfunctions.appspot.com/f5c4333b-7336-40b5-9052-6cf1c44d7c3d.zip?GoogleAccessId=service-447193481869@gcf-admin-robot.iam.gserviceaccount.com&Expires=1754285319&Signature=Ya%2BoGPHSQFUS%2BM4578d2z0JBhH6AmSXBQNtZPeZ6w8ZVJUBk5NoE64J4JiWIFyV7nx76sVCWuY3YcD35pL3Cmrc9jz4zew8w52yIH9%2BlJXecCTqZ6dF%2F8htN71pTo2mfEvJfwx9qCbBr5gwHAhX3E773INCjAwf3IgPZVhpWYJhFOYFcFbRLis8IDBIriG0XVscODNpd29%2F8aB%2F1vS6937o4fjfLKTj2FjQwYFgXqwESUh6rY1uKWJHCdQDCQmcdWrgOc%2BgdhyoTKLz8rknuiWNDyop4Srps%2FTTt0nN%2BZ3U6kQaCj7WtVHs5CgaqLnNVyMd0MbOryvlmgjxW4FbmnQ%3D%3D","environmentVariables":{"FIREBASE_CONFIG":"{\"projectId\":\"acc-app-e5316\",\"storageBucket\":\"acc-app-e5316.firebasestorage.app\"}","GCLOUD_PROJECT":"acc-app-e5316","EVENTARC_CLOUD_EVENT_SOURCE":"projects/acc-app-e5316/locations/us-central1/functions/authLogin"},"runtime":"nodejs18","buildEnvironmentVariables":{"GOOGLE_NODE_RUN_SCRIPTS":""},"dockerRegistry":"ARTIFACT_REGISTRY"},"versionId":"1","updateTime":"2025-08-04T04:58:41.627349028Z","buildId":"900e01fb-0f2f-4899-85f4-550bacddef80","buildName":"projects/447193481869/locations/us-central1/builds/900e01fb-0f2f-4899-85f4-550bacddef80"}}
[debug] [2025-08-04T04:59:15.895Z] [create-default-us-central1-authLogin] Retrying task index 0
[debug] [2025-08-04T04:59:15.896Z] Checked if tokens are valid: true, expires at: 1754285870574
[debug] [2025-08-04T04:59:15.896Z] Checked if tokens are valid: true, expires at: 1754285870574
[debug] [2025-08-04T04:59:15.896Z] >>> [apiv2][query] GET https://cloudfunctions.googleapis.com/v1/operations/cHJvamVjdHMvYWNjLWFwcC1lNTMxNi9sb2NhdGlvbnMvdXMtY2VudHJhbDEvb3BlcmF0aW9ucy9vcGVyYXRpb24tMTc1NDI4MzUyMTIwMy02M2I4MmY2MWRkY2JmLTE2ZjlkMmVmLTI1MzhkNWY2 [none]
[debug] [2025-08-04T04:59:16.460Z] <<< [apiv2][status] GET https://cloudfunctions.googleapis.com/v1/operations/cHJvamVjdHMvYWNjLWFwcC1lNTMxNi9sb2NhdGlvbnMvdXMtY2VudHJhbDEvb3BlcmF0aW9ucy9vcGVyYXRpb24tMTc1NDI4MzUyMTIwMy02M2I4MmY2MWRkY2JmLTE2ZjlkMmVmLTI1MzhkNWY2 200
[debug] [2025-08-04T04:59:16.460Z] <<< [apiv2][body] GET https://cloudfunctions.googleapis.com/v1/operations/cHJvamVjdHMvYWNjLWFwcC1lNTMxNi9sb2NhdGlvbnMvdXMtY2VudHJhbDEvb3BlcmF0aW9ucy9vcGVyYXRpb24tMTc1NDI4MzUyMTIwMy02M2I4MmY2MWRkY2JmLTE2ZjlkMmVmLTI1MzhkNWY2 {"name":"operations/cHJvamVjdHMvYWNjLWFwcC1lNTMxNi9sb2NhdGlvbnMvdXMtY2VudHJhbDEvb3BlcmF0aW9ucy9vcGVyYXRpb24tMTc1NDI4MzUyMTIwMy02M2I4MmY2MWRkY2JmLTE2ZjlkMmVmLTI1MzhkNWY2","metadata":{"@type":"type.googleapis.com/google.cloud.functions.v1.OperationMetadataV1","target":"projects/acc-app-e5316/locations/us-central1/functions/authLogin","type":"CREATE_FUNCTION","request":{"@type":"type.googleapis.com/google.cloud.functions.v1.CloudFunction","name":"projects/acc-app-e5316/locations/us-central1/functions/authLogin","httpsTrigger":{"securityLevel":"SECURE_ALWAYS"},"entryPoint":"authLogin","updateTime":"1970-01-01T00:00:00Z","labels":{"deployment-tool":"cli-firebase","deployment-callable":"true","firebase-functions-hash":"85f3aadaf65c16e19ae1a0cd7dbca8f3ca096f7e"},"sourceUploadUrl":"https://storage.googleapis.com/uploads-85050662026.us-central1.cloudfunctions.appspot.com/f5c4333b-7336-40b5-9052-6cf1c44d7c3d.zip?GoogleAccessId=service-447193481869@gcf-admin-robot.iam.gserviceaccount.com&Expires=1754285319&Signature=Ya%2BoGPHSQFUS%2BM4578d2z0JBhH6AmSXBQNtZPeZ6w8ZVJUBk5NoE64J4JiWIFyV7nx76sVCWuY3YcD35pL3Cmrc9jz4zew8w52yIH9%2BlJXecCTqZ6dF%2F8htN71pTo2mfEvJfwx9qCbBr5gwHAhX3E773INCjAwf3IgPZVhpWYJhFOYFcFbRLis8IDBIriG0XVscODNpd29%2F8aB%2F1vS6937o4fjfLKTj2FjQwYFgXqwESUh6rY1uKWJHCdQDCQmcdWrgOc%2BgdhyoTKLz8rknuiWNDyop4Srps%2FTTt0nN%2BZ3U6kQaCj7WtVHs5CgaqLnNVyMd0MbOryvlmgjxW4FbmnQ%3D%3D","environmentVariables":{"FIREBASE_CONFIG":"{\"projectId\":\"acc-app-e5316\",\"storageBucket\":\"acc-app-e5316.firebasestorage.app\"}","GCLOUD_PROJECT":"acc-app-e5316","EVENTARC_CLOUD_EVENT_SOURCE":"projects/acc-app-e5316/locations/us-central1/functions/authLogin"},"runtime":"nodejs18","buildEnvironmentVariables":{"GOOGLE_NODE_RUN_SCRIPTS":""},"dockerRegistry":"ARTIFACT_REGISTRY"},"versionId":"1","updateTime":"2025-08-04T04:58:41.627349028Z","buildId":"900e01fb-0f2f-4899-85f4-550bacddef80","buildName":"projects/447193481869/locations/us-central1/builds/900e01fb-0f2f-4899-85f4-550bacddef80"}}
[debug] [2025-08-04T04:59:26.475Z] [create-default-us-central1-authLogin] Retrying task index 0
[debug] [2025-08-04T04:59:26.475Z] Checked if tokens are valid: true, expires at: 1754285870574
[debug] [2025-08-04T04:59:26.475Z] Checked if tokens are valid: true, expires at: 1754285870574
[debug] [2025-08-04T04:59:26.475Z] >>> [apiv2][query] GET https://cloudfunctions.googleapis.com/v1/operations/cHJvamVjdHMvYWNjLWFwcC1lNTMxNi9sb2NhdGlvbnMvdXMtY2VudHJhbDEvb3BlcmF0aW9ucy9vcGVyYXRpb24tMTc1NDI4MzUyMTIwMy02M2I4MmY2MWRkY2JmLTE2ZjlkMmVmLTI1MzhkNWY2 [none]
[debug] [2025-08-04T04:59:27.024Z] <<< [apiv2][status] GET https://cloudfunctions.googleapis.com/v1/operations/cHJvamVjdHMvYWNjLWFwcC1lNTMxNi9sb2NhdGlvbnMvdXMtY2VudHJhbDEvb3BlcmF0aW9ucy9vcGVyYXRpb24tMTc1NDI4MzUyMTIwMy02M2I4MmY2MWRkY2JmLTE2ZjlkMmVmLTI1MzhkNWY2 200
[debug] [2025-08-04T04:59:27.024Z] <<< [apiv2][body] GET https://cloudfunctions.googleapis.com/v1/operations/cHJvamVjdHMvYWNjLWFwcC1lNTMxNi9sb2NhdGlvbnMvdXMtY2VudHJhbDEvb3BlcmF0aW9ucy9vcGVyYXRpb24tMTc1NDI4MzUyMTIwMy02M2I4MmY2MWRkY2JmLTE2ZjlkMmVmLTI1MzhkNWY2 {"name":"operations/cHJvamVjdHMvYWNjLWFwcC1lNTMxNi9sb2NhdGlvbnMvdXMtY2VudHJhbDEvb3BlcmF0aW9ucy9vcGVyYXRpb24tMTc1NDI4MzUyMTIwMy02M2I4MmY2MWRkY2JmLTE2ZjlkMmVmLTI1MzhkNWY2","metadata":{"@type":"type.googleapis.com/google.cloud.functions.v1.OperationMetadataV1","target":"projects/acc-app-e5316/locations/us-central1/functions/authLogin","type":"CREATE_FUNCTION","request":{"@type":"type.googleapis.com/google.cloud.functions.v1.CloudFunction","name":"projects/acc-app-e5316/locations/us-central1/functions/authLogin","httpsTrigger":{"securityLevel":"SECURE_ALWAYS"},"entryPoint":"authLogin","updateTime":"1970-01-01T00:00:00Z","labels":{"deployment-tool":"cli-firebase","deployment-callable":"true","firebase-functions-hash":"85f3aadaf65c16e19ae1a0cd7dbca8f3ca096f7e"},"sourceUploadUrl":"https://storage.googleapis.com/uploads-85050662026.us-central1.cloudfunctions.appspot.com/f5c4333b-7336-40b5-9052-6cf1c44d7c3d.zip?GoogleAccessId=service-447193481869@gcf-admin-robot.iam.gserviceaccount.com&Expires=1754285319&Signature=Ya%2BoGPHSQFUS%2BM4578d2z0JBhH6AmSXBQNtZPeZ6w8ZVJUBk5NoE64J4JiWIFyV7nx76sVCWuY3YcD35pL3Cmrc9jz4zew8w52yIH9%2BlJXecCTqZ6dF%2F8htN71pTo2mfEvJfwx9qCbBr5gwHAhX3E773INCjAwf3IgPZVhpWYJhFOYFcFbRLis8IDBIriG0XVscODNpd29%2F8aB%2F1vS6937o4fjfLKTj2FjQwYFgXqwESUh6rY1uKWJHCdQDCQmcdWrgOc%2BgdhyoTKLz8rknuiWNDyop4Srps%2FTTt0nN%2BZ3U6kQaCj7WtVHs5CgaqLnNVyMd0MbOryvlmgjxW4FbmnQ%3D%3D","environmentVariables":{"FIREBASE_CONFIG":"{\"projectId\":\"acc-app-e5316\",\"storageBucket\":\"acc-app-e5316.firebasestorage.app\"}","GCLOUD_PROJECT":"acc-app-e5316","EVENTARC_CLOUD_EVENT_SOURCE":"projects/acc-app-e5316/locations/us-central1/functions/authLogin"},"runtime":"nodejs18","buildEnvironmentVariables":{"GOOGLE_NODE_RUN_SCRIPTS":""},"dockerRegistry":"ARTIFACT_REGISTRY"},"versionId":"1","updateTime":"2025-08-04T04:58:41.627349028Z","buildId":"900e01fb-0f2f-4899-85f4-550bacddef80","buildName":"projects/447193481869/locations/us-central1/builds/900e01fb-0f2f-4899-85f4-550bacddef80"}}
[debug] [2025-08-04T04:59:37.033Z] [create-default-us-central1-authLogin] Retrying task index 0
[debug] [2025-08-04T04:59:37.033Z] Checked if tokens are valid: true, expires at: 1754285870574
[debug] [2025-08-04T04:59:37.033Z] Checked if tokens are valid: true, expires at: 1754285870574
[debug] [2025-08-04T04:59:37.034Z] >>> [apiv2][query] GET https://cloudfunctions.googleapis.com/v1/operations/cHJvamVjdHMvYWNjLWFwcC1lNTMxNi9sb2NhdGlvbnMvdXMtY2VudHJhbDEvb3BlcmF0aW9ucy9vcGVyYXRpb24tMTc1NDI4MzUyMTIwMy02M2I4MmY2MWRkY2JmLTE2ZjlkMmVmLTI1MzhkNWY2 [none]
[debug] [2025-08-04T04:59:37.623Z] <<< [apiv2][status] GET https://cloudfunctions.googleapis.com/v1/operations/cHJvamVjdHMvYWNjLWFwcC1lNTMxNi9sb2NhdGlvbnMvdXMtY2VudHJhbDEvb3BlcmF0aW9ucy9vcGVyYXRpb24tMTc1NDI4MzUyMTIwMy02M2I4MmY2MWRkY2JmLTE2ZjlkMmVmLTI1MzhkNWY2 200
[debug] [2025-08-04T04:59:37.623Z] <<< [apiv2][body] GET https://cloudfunctions.googleapis.com/v1/operations/cHJvamVjdHMvYWNjLWFwcC1lNTMxNi9sb2NhdGlvbnMvdXMtY2VudHJhbDEvb3BlcmF0aW9ucy9vcGVyYXRpb24tMTc1NDI4MzUyMTIwMy02M2I4MmY2MWRkY2JmLTE2ZjlkMmVmLTI1MzhkNWY2 {"name":"operations/cHJvamVjdHMvYWNjLWFwcC1lNTMxNi9sb2NhdGlvbnMvdXMtY2VudHJhbDEvb3BlcmF0aW9ucy9vcGVyYXRpb24tMTc1NDI4MzUyMTIwMy02M2I4MmY2MWRkY2JmLTE2ZjlkMmVmLTI1MzhkNWY2","metadata":{"@type":"type.googleapis.com/google.cloud.functions.v1.OperationMetadataV1","target":"projects/acc-app-e5316/locations/us-central1/functions/authLogin","type":"CREATE_FUNCTION","request":{"@type":"type.googleapis.com/google.cloud.functions.v1.CloudFunction","name":"projects/acc-app-e5316/locations/us-central1/functions/authLogin","httpsTrigger":{"securityLevel":"SECURE_ALWAYS"},"entryPoint":"authLogin","updateTime":"1970-01-01T00:00:00Z","labels":{"deployment-tool":"cli-firebase","deployment-callable":"true","firebase-functions-hash":"85f3aadaf65c16e19ae1a0cd7dbca8f3ca096f7e"},"sourceUploadUrl":"https://storage.googleapis.com/uploads-85050662026.us-central1.cloudfunctions.appspot.com/f5c4333b-7336-40b5-9052-6cf1c44d7c3d.zip?GoogleAccessId=service-447193481869@gcf-admin-robot.iam.gserviceaccount.com&Expires=1754285319&Signature=Ya%2BoGPHSQFUS%2BM4578d2z0JBhH6AmSXBQNtZPeZ6w8ZVJUBk5NoE64J4JiWIFyV7nx76sVCWuY3YcD35pL3Cmrc9jz4zew8w52yIH9%2BlJXecCTqZ6dF%2F8htN71pTo2mfEvJfwx9qCbBr5gwHAhX3E773INCjAwf3IgPZVhpWYJhFOYFcFbRLis8IDBIriG0XVscODNpd29%2F8aB%2F1vS6937o4fjfLKTj2FjQwYFgXqwESUh6rY1uKWJHCdQDCQmcdWrgOc%2BgdhyoTKLz8rknuiWNDyop4Srps%2FTTt0nN%2BZ3U6kQaCj7WtVHs5CgaqLnNVyMd0MbOryvlmgjxW4FbmnQ%3D%3D","environmentVariables":{"FIREBASE_CONFIG":"{\"projectId\":\"acc-app-e5316\",\"storageBucket\":\"acc-app-e5316.firebasestorage.app\"}","GCLOUD_PROJECT":"acc-app-e5316","EVENTARC_CLOUD_EVENT_SOURCE":"projects/acc-app-e5316/locations/us-central1/functions/authLogin"},"runtime":"nodejs18","buildEnvironmentVariables":{"GOOGLE_NODE_RUN_SCRIPTS":""},"dockerRegistry":"ARTIFACT_REGISTRY"},"versionId":"1","updateTime":"2025-08-04T04:58:41.627349028Z","buildId":"900e01fb-0f2f-4899-85f4-550bacddef80","buildName":"projects/447193481869/locations/us-central1/builds/900e01fb-0f2f-4899-85f4-550bacddef80"}}
[debug] [2025-08-04T04:59:47.625Z] [create-default-us-central1-authLogin] Retrying task index 0
[debug] [2025-08-04T04:59:47.625Z] Checked if tokens are valid: true, expires at: 1754285870574
[debug] [2025-08-04T04:59:47.625Z] Checked if tokens are valid: true, expires at: 1754285870574
[debug] [2025-08-04T04:59:47.625Z] >>> [apiv2][query] GET https://cloudfunctions.googleapis.com/v1/operations/cHJvamVjdHMvYWNjLWFwcC1lNTMxNi9sb2NhdGlvbnMvdXMtY2VudHJhbDEvb3BlcmF0aW9ucy9vcGVyYXRpb24tMTc1NDI4MzUyMTIwMy02M2I4MmY2MWRkY2JmLTE2ZjlkMmVmLTI1MzhkNWY2 [none]
[debug] [2025-08-04T04:59:48.185Z] <<< [apiv2][status] GET https://cloudfunctions.googleapis.com/v1/operations/cHJvamVjdHMvYWNjLWFwcC1lNTMxNi9sb2NhdGlvbnMvdXMtY2VudHJhbDEvb3BlcmF0aW9ucy9vcGVyYXRpb24tMTc1NDI4MzUyMTIwMy02M2I4MmY2MWRkY2JmLTE2ZjlkMmVmLTI1MzhkNWY2 200
[debug] [2025-08-04T04:59:48.186Z] <<< [apiv2][body] GET https://cloudfunctions.googleapis.com/v1/operations/cHJvamVjdHMvYWNjLWFwcC1lNTMxNi9sb2NhdGlvbnMvdXMtY2VudHJhbDEvb3BlcmF0aW9ucy9vcGVyYXRpb24tMTc1NDI4MzUyMTIwMy02M2I4MmY2MWRkY2JmLTE2ZjlkMmVmLTI1MzhkNWY2 {"name":"operations/cHJvamVjdHMvYWNjLWFwcC1lNTMxNi9sb2NhdGlvbnMvdXMtY2VudHJhbDEvb3BlcmF0aW9ucy9vcGVyYXRpb24tMTc1NDI4MzUyMTIwMy02M2I4MmY2MWRkY2JmLTE2ZjlkMmVmLTI1MzhkNWY2","metadata":{"@type":"type.googleapis.com/google.cloud.functions.v1.OperationMetadataV1","target":"projects/acc-app-e5316/locations/us-central1/functions/authLogin","type":"CREATE_FUNCTION","request":{"@type":"type.googleapis.com/google.cloud.functions.v1.CloudFunction","name":"projects/acc-app-e5316/locations/us-central1/functions/authLogin","httpsTrigger":{"securityLevel":"SECURE_ALWAYS"},"entryPoint":"authLogin","updateTime":"1970-01-01T00:00:00Z","labels":{"deployment-tool":"cli-firebase","deployment-callable":"true","firebase-functions-hash":"85f3aadaf65c16e19ae1a0cd7dbca8f3ca096f7e"},"sourceUploadUrl":"https://storage.googleapis.com/uploads-85050662026.us-central1.cloudfunctions.appspot.com/f5c4333b-7336-40b5-9052-6cf1c44d7c3d.zip?GoogleAccessId=service-447193481869@gcf-admin-robot.iam.gserviceaccount.com&Expires=1754285319&Signature=Ya%2BoGPHSQFUS%2BM4578d2z0JBhH6AmSXBQNtZPeZ6w8ZVJUBk5NoE64J4JiWIFyV7nx76sVCWuY3YcD35pL3Cmrc9jz4zew8w52yIH9%2BlJXecCTqZ6dF%2F8htN71pTo2mfEvJfwx9qCbBr5gwHAhX3E773INCjAwf3IgPZVhpWYJhFOYFcFbRLis8IDBIriG0XVscODNpd29%2F8aB%2F1vS6937o4fjfLKTj2FjQwYFgXqwESUh6rY1uKWJHCdQDCQmcdWrgOc%2BgdhyoTKLz8rknuiWNDyop4Srps%2FTTt0nN%2BZ3U6kQaCj7WtVHs5CgaqLnNVyMd0MbOryvlmgjxW4FbmnQ%3D%3D","environmentVariables":{"FIREBASE_CONFIG":"{\"projectId\":\"acc-app-e5316\",\"storageBucket\":\"acc-app-e5316.firebasestorage.app\"}","GCLOUD_PROJECT":"acc-app-e5316","EVENTARC_CLOUD_EVENT_SOURCE":"projects/acc-app-e5316/locations/us-central1/functions/authLogin"},"runtime":"nodejs18","buildEnvironmentVariables":{"GOOGLE_NODE_RUN_SCRIPTS":""},"dockerRegistry":"ARTIFACT_REGISTRY"},"versionId":"1","updateTime":"2025-08-04T04:58:41.627349028Z","buildId":"900e01fb-0f2f-4899-85f4-550bacddef80","sourceToken":"3bc8ab78-442e-4f44-91ab-303fed980960","buildName":"projects/447193481869/locations/us-central1/builds/900e01fb-0f2f-4899-85f4-550bacddef80"}}
[debug] [2025-08-04T04:59:48.186Z] Got source token 3bc8ab78-442e-4f44-91ab-303fed980960 for region us-central1
[debug] [2025-08-04T04:59:48.186Z] Checked if tokens are valid: true, expires at: 1754285870574
[debug] [2025-08-04T04:59:48.186Z] Checked if tokens are valid: true, expires at: 1754285870574
[debug] [2025-08-04T04:59:48.186Z] Checked if tokens are valid: true, expires at: 1754285870574
[debug] [2025-08-04T04:59:48.186Z] Checked if tokens are valid: true, expires at: 1754285870574
[debug] [2025-08-04T04:59:48.186Z] Checked if tokens are valid: true, expires at: 1754285870574
[debug] [2025-08-04T04:59:48.186Z] Checked if tokens are valid: true, expires at: 1754285870574
[debug] [2025-08-04T04:59:48.186Z] Checked if tokens are valid: true, expires at: 1754285870574
[debug] [2025-08-04T04:59:48.186Z] Checked if tokens are valid: true, expires at: 1754285870574
[debug] [2025-08-04T04:59:48.186Z] >>> [apiv2][query] POST https://cloudfunctions.googleapis.com/v1/projects/acc-app-e5316/locations/us-central1/functions [none]
[debug] [2025-08-04T04:59:48.186Z] >>> [apiv2][body] POST https://cloudfunctions.googleapis.com/v1/projects/acc-app-e5316/locations/us-central1/functions {"name":"projects/acc-app-e5316/locations/us-central1/functions/authVerifyOTP","sourceUploadUrl":"https://storage.googleapis.com/uploads-85050662026.us-central1.cloudfunctions.appspot.com/f5c4333b-7336-40b5-9052-6cf1c44d7c3d.zip?GoogleAccessId=service-447193481869@gcf-admin-robot.iam.gserviceaccount.com&Expires=1754285319&Signature=Ya%2BoGPHSQFUS%2BM4578d2z0JBhH6AmSXBQNtZPeZ6w8ZVJUBk5NoE64J4JiWIFyV7nx76sVCWuY3YcD35pL3Cmrc9jz4zew8w52yIH9%2BlJXecCTqZ6dF%2F8htN71pTo2mfEvJfwx9qCbBr5gwHAhX3E773INCjAwf3IgPZVhpWYJhFOYFcFbRLis8IDBIriG0XVscODNpd29%2F8aB%2F1vS6937o4fjfLKTj2FjQwYFgXqwESUh6rY1uKWJHCdQDCQmcdWrgOc%2BgdhyoTKLz8rknuiWNDyop4Srps%2FTTt0nN%2BZ3U6kQaCj7WtVHs5CgaqLnNVyMd0MbOryvlmgjxW4FbmnQ%3D%3D","entryPoint":"authVerifyOTP","runtime":"nodejs18","dockerRegistry":"ARTIFACT_REGISTRY","labels":{"deployment-tool":"cli-firebase","deployment-callable":"true","firebase-functions-hash":"85f3aadaf65c16e19ae1a0cd7dbca8f3ca096f7e"},"httpsTrigger":{"securityLevel":"SECURE_ALWAYS"},"minInstances":null,"maxInstances":null,"ingressSettings":null,"environmentVariables":{"FIREBASE_CONFIG":"{\"projectId\":\"acc-app-e5316\",\"storageBucket\":\"acc-app-e5316.firebasestorage.app\"}","GCLOUD_PROJECT":"acc-app-e5316","EVENTARC_CLOUD_EVENT_SOURCE":"projects/acc-app-e5316/locations/us-central1/functions/authVerifyOTP"},"serviceAccountEmail":null,"availableMemoryMb":null,"timeout":null,"vpcConnector":null,"vpcConnectorEgressSettings":null,"sourceToken":"3bc8ab78-442e-4f44-91ab-303fed980960","buildEnvironmentVariables":{"GOOGLE_NODE_RUN_SCRIPTS":""}}
[debug] [2025-08-04T04:59:48.186Z] >>> [apiv2][query] POST https://cloudfunctions.googleapis.com/v1/projects/acc-app-e5316/locations/us-central1/functions [none]
[debug] [2025-08-04T04:59:48.186Z] >>> [apiv2][body] POST https://cloudfunctions.googleapis.com/v1/projects/acc-app-e5316/locations/us-central1/functions {"name":"projects/acc-app-e5316/locations/us-central1/functions/authSendOTP","sourceUploadUrl":"https://storage.googleapis.com/uploads-85050662026.us-central1.cloudfunctions.appspot.com/f5c4333b-7336-40b5-9052-6cf1c44d7c3d.zip?GoogleAccessId=service-447193481869@gcf-admin-robot.iam.gserviceaccount.com&Expires=1754285319&Signature=Ya%2BoGPHSQFUS%2BM4578d2z0JBhH6AmSXBQNtZPeZ6w8ZVJUBk5NoE64J4JiWIFyV7nx76sVCWuY3YcD35pL3Cmrc9jz4zew8w52yIH9%2BlJXecCTqZ6dF%2F8htN71pTo2mfEvJfwx9qCbBr5gwHAhX3E773INCjAwf3IgPZVhpWYJhFOYFcFbRLis8IDBIriG0XVscODNpd29%2F8aB%2F1vS6937o4fjfLKTj2FjQwYFgXqwESUh6rY1uKWJHCdQDCQmcdWrgOc%2BgdhyoTKLz8rknuiWNDyop4Srps%2FTTt0nN%2BZ3U6kQaCj7WtVHs5CgaqLnNVyMd0MbOryvlmgjxW4FbmnQ%3D%3D","entryPoint":"authSendOTP","runtime":"nodejs18","dockerRegistry":"ARTIFACT_REGISTRY","labels":{"deployment-tool":"cli-firebase","deployment-callable":"true","firebase-functions-hash":"85f3aadaf65c16e19ae1a0cd7dbca8f3ca096f7e"},"httpsTrigger":{"securityLevel":"SECURE_ALWAYS"},"minInstances":null,"maxInstances":null,"ingressSettings":null,"environmentVariables":{"FIREBASE_CONFIG":"{\"projectId\":\"acc-app-e5316\",\"storageBucket\":\"acc-app-e5316.firebasestorage.app\"}","GCLOUD_PROJECT":"acc-app-e5316","EVENTARC_CLOUD_EVENT_SOURCE":"projects/acc-app-e5316/locations/us-central1/functions/authSendOTP"},"serviceAccountEmail":null,"availableMemoryMb":null,"timeout":null,"vpcConnector":null,"vpcConnectorEgressSettings":null,"sourceToken":"3bc8ab78-442e-4f44-91ab-303fed980960","buildEnvironmentVariables":{"GOOGLE_NODE_RUN_SCRIPTS":""}}
[debug] [2025-08-04T04:59:48.188Z] >>> [apiv2][query] POST https://cloudfunctions.googleapis.com/v1/projects/acc-app-e5316/locations/us-central1/functions [none]
[debug] [2025-08-04T04:59:48.188Z] >>> [apiv2][body] POST https://cloudfunctions.googleapis.com/v1/projects/acc-app-e5316/locations/us-central1/functions {"name":"projects/acc-app-e5316/locations/us-central1/functions/adminCreateUser","sourceUploadUrl":"https://storage.googleapis.com/uploads-85050662026.us-central1.cloudfunctions.appspot.com/f5c4333b-7336-40b5-9052-6cf1c44d7c3d.zip?GoogleAccessId=service-447193481869@gcf-admin-robot.iam.gserviceaccount.com&Expires=1754285319&Signature=Ya%2BoGPHSQFUS%2BM4578d2z0JBhH6AmSXBQNtZPeZ6w8ZVJUBk5NoE64J4JiWIFyV7nx76sVCWuY3YcD35pL3Cmrc9jz4zew8w52yIH9%2BlJXecCTqZ6dF%2F8htN71pTo2mfEvJfwx9qCbBr5gwHAhX3E773INCjAwf3IgPZVhpWYJhFOYFcFbRLis8IDBIriG0XVscODNpd29%2F8aB%2F1vS6937o4fjfLKTj2FjQwYFgXqwESUh6rY1uKWJHCdQDCQmcdWrgOc%2BgdhyoTKLz8rknuiWNDyop4Srps%2FTTt0nN%2BZ3U6kQaCj7WtVHs5CgaqLnNVyMd0MbOryvlmgjxW4FbmnQ%3D%3D","entryPoint":"adminCreateUser","runtime":"nodejs18","dockerRegistry":"ARTIFACT_REGISTRY","labels":{"deployment-tool":"cli-firebase","deployment-callable":"true","firebase-functions-hash":"85f3aadaf65c16e19ae1a0cd7dbca8f3ca096f7e"},"httpsTrigger":{"securityLevel":"SECURE_ALWAYS"},"minInstances":null,"maxInstances":null,"ingressSettings":null,"environmentVariables":{"FIREBASE_CONFIG":"{\"projectId\":\"acc-app-e5316\",\"storageBucket\":\"acc-app-e5316.firebasestorage.app\"}","GCLOUD_PROJECT":"acc-app-e5316","EVENTARC_CLOUD_EVENT_SOURCE":"projects/acc-app-e5316/locations/us-central1/functions/adminCreateUser"},"serviceAccountEmail":null,"availableMemoryMb":null,"timeout":null,"vpcConnector":null,"vpcConnectorEgressSettings":null,"sourceToken":"3bc8ab78-442e-4f44-91ab-303fed980960","buildEnvironmentVariables":{"GOOGLE_NODE_RUN_SCRIPTS":""}}
[debug] [2025-08-04T04:59:48.189Z] >>> [apiv2][query] POST https://cloudfunctions.googleapis.com/v1/projects/acc-app-e5316/locations/us-central1/functions [none]
[debug] [2025-08-04T04:59:48.190Z] >>> [apiv2][body] POST https://cloudfunctions.googleapis.com/v1/projects/acc-app-e5316/locations/us-central1/functions {"name":"projects/acc-app-e5316/locations/us-central1/functions/utilsCleanupExpiredOTPs","sourceUploadUrl":"https://storage.googleapis.com/uploads-85050662026.us-central1.cloudfunctions.appspot.com/f5c4333b-7336-40b5-9052-6cf1c44d7c3d.zip?GoogleAccessId=service-447193481869@gcf-admin-robot.iam.gserviceaccount.com&Expires=1754285319&Signature=Ya%2BoGPHSQFUS%2BM4578d2z0JBhH6AmSXBQNtZPeZ6w8ZVJUBk5NoE64J4JiWIFyV7nx76sVCWuY3YcD35pL3Cmrc9jz4zew8w52yIH9%2BlJXecCTqZ6dF%2F8htN71pTo2mfEvJfwx9qCbBr5gwHAhX3E773INCjAwf3IgPZVhpWYJhFOYFcFbRLis8IDBIriG0XVscODNpd29%2F8aB%2F1vS6937o4fjfLKTj2FjQwYFgXqwESUh6rY1uKWJHCdQDCQmcdWrgOc%2BgdhyoTKLz8rknuiWNDyop4Srps%2FTTt0nN%2BZ3U6kQaCj7WtVHs5CgaqLnNVyMd0MbOryvlmgjxW4FbmnQ%3D%3D","entryPoint":"utilsCleanupExpiredOTPs","runtime":"nodejs18","dockerRegistry":"ARTIFACT_REGISTRY","labels":{"deployment-tool":"cli-firebase","deployment-scheduled":"true","firebase-functions-hash":"85f3aadaf65c16e19ae1a0cd7dbca8f3ca096f7e"},"eventTrigger":{"eventType":"google.pubsub.topic.publish","resource":"projects/acc-app-e5316/topics/firebase-schedule-utilsCleanupExpiredOTPs-us-central1"},"minInstances":null,"maxInstances":null,"ingressSettings":null,"environmentVariables":{"FIREBASE_CONFIG":"{\"projectId\":\"acc-app-e5316\",\"storageBucket\":\"acc-app-e5316.firebasestorage.app\"}","GCLOUD_PROJECT":"acc-app-e5316","EVENTARC_CLOUD_EVENT_SOURCE":"projects/acc-app-e5316/locations/us-central1/functions/utilsCleanupExpiredOTPs"},"serviceAccountEmail":null,"availableMemoryMb":null,"timeout":null,"vpcConnector":null,"vpcConnectorEgressSettings":null,"sourceToken":"3bc8ab78-442e-4f44-91ab-303fed980960","buildEnvironmentVariables":{"GOOGLE_NODE_RUN_SCRIPTS":""}}
